<?xml version="1.0" encoding="UTF-8"?>
<coverage generated="1683100077017" clover="3.2.0">
  <project timestamp="1683100077017" name="All files">
    <metrics statements="36" coveredstatements="36" conditionals="12" coveredconditionals="12" methods="9" coveredmethods="9" elements="57" coveredelements="57" complexity="0" loc="36" ncloc="36" packages="3" files="18" classes="18"/>
    <package name="assets">
      <metrics statements="15" coveredstatements="15" conditionals="0" coveredconditionals="0" methods="0" coveredmethods="0"/>
      <file name="accessories.png" path="/Users/hirensurani/Documents/Hiren/Github/EcomAppSampleHp/src/assets/accessories.png">
        <metrics statements="1" coveredstatements="1" conditionals="0" coveredconditionals="0" methods="0" coveredmethods="0"/>
        <line num="1" count="1" type="stmt"/>
      </file>
      <file name="card-1.jpg" path="/Users/hirensurani/Documents/Hiren/Github/EcomAppSampleHp/src/assets/card-1.jpg">
        <metrics statements="1" coveredstatements="1" conditionals="0" coveredconditionals="0" methods="0" coveredmethods="0"/>
        <line num="1" count="1" type="stmt"/>
      </file>
      <file name="card-2.jpg" path="/Users/hirensurani/Documents/Hiren/Github/EcomAppSampleHp/src/assets/card-2.jpg">
        <metrics statements="1" coveredstatements="1" conditionals="0" coveredconditionals="0" methods="0" coveredmethods="0"/>
        <line num="1" count="1" type="stmt"/>
      </file>
      <file name="card-3.jpg" path="/Users/hirensurani/Documents/Hiren/Github/EcomAppSampleHp/src/assets/card-3.jpg">
        <metrics statements="1" coveredstatements="1" conditionals="0" coveredconditionals="0" methods="0" coveredmethods="0"/>
        <line num="1" count="1" type="stmt"/>
      </file>
      <file name="card-4.jpg" path="/Users/hirensurani/Documents/Hiren/Github/EcomAppSampleHp/src/assets/card-4.jpg">
        <metrics statements="1" coveredstatements="1" conditionals="0" coveredconditionals="0" methods="0" coveredmethods="0"/>
        <line num="1" count="1" type="stmt"/>
      </file>
      <file name="card-5.jpg" path="/Users/hirensurani/Documents/Hiren/Github/EcomAppSampleHp/src/assets/card-5.jpg">
        <metrics statements="1" coveredstatements="1" conditionals="0" coveredconditionals="0" methods="0" coveredmethods="0"/>
        <line num="1" count="1" type="stmt"/>
      </file>
      <file name="card-6.jpg" path="/Users/hirensurani/Documents/Hiren/Github/EcomAppSampleHp/src/assets/card-6.jpg">
        <metrics statements="1" coveredstatements="1" conditionals="0" coveredconditionals="0" methods="0" coveredmethods="0"/>
        <line num="1" count="1" type="stmt"/>
      </file>
      <file name="card-7.jpg" path="/Users/hirensurani/Documents/Hiren/Github/EcomAppSampleHp/src/assets/card-7.jpg">
        <metrics statements="1" coveredstatements="1" conditionals="0" coveredconditionals="0" methods="0" coveredmethods="0"/>
        <line num="1" count="1" type="stmt"/>
      </file>
      <file name="card-8.jpg" path="/Users/hirensurani/Documents/Hiren/Github/EcomAppSampleHp/src/assets/card-8.jpg">
        <metrics statements="1" coveredstatements="1" conditionals="0" coveredconditionals="0" methods="0" coveredmethods="0"/>
        <line num="1" count="1" type="stmt"/>
      </file>
      <file name="dresses.png" path="/Users/hirensurani/Documents/Hiren/Github/EcomAppSampleHp/src/assets/dresses.png">
        <metrics statements="1" coveredstatements="1" conditionals="0" coveredconditionals="0" methods="0" coveredmethods="0"/>
        <line num="1" count="1" type="stmt"/>
      </file>
      <file name="kids.png" path="/Users/hirensurani/Documents/Hiren/Github/EcomAppSampleHp/src/assets/kids.png">
        <metrics statements="1" coveredstatements="1" conditionals="0" coveredconditionals="0" methods="0" coveredmethods="0"/>
        <line num="1" count="1" type="stmt"/>
      </file>
      <file name="man.png" path="/Users/hirensurani/Documents/Hiren/Github/EcomAppSampleHp/src/assets/man.png">
        <metrics statements="1" coveredstatements="1" conditionals="0" coveredconditionals="0" methods="0" coveredmethods="0"/>
        <line num="1" count="1" type="stmt"/>
      </file>
      <file name="right-arrow.png" path="/Users/hirensurani/Documents/Hiren/Github/EcomAppSampleHp/src/assets/right-arrow.png">
        <metrics statements="1" coveredstatements="1" conditionals="0" coveredconditionals="0" methods="0" coveredmethods="0"/>
        <line num="1" count="1" type="stmt"/>
      </file>
      <file name="watches.png" path="/Users/hirensurani/Documents/Hiren/Github/EcomAppSampleHp/src/assets/watches.png">
        <metrics statements="1" coveredstatements="1" conditionals="0" coveredconditionals="0" methods="0" coveredmethods="0"/>
        <line num="1" count="1" type="stmt"/>
      </file>
      <file name="woman.png" path="/Users/hirensurani/Documents/Hiren/Github/EcomAppSampleHp/src/assets/woman.png">
        <metrics statements="1" coveredstatements="1" conditionals="0" coveredconditionals="0" methods="0" coveredmethods="0"/>
        <line num="1" count="1" type="stmt"/>
      </file>
    </package>
    <package name="components">
      <metrics statements="18" coveredstatements="18" conditionals="12" coveredconditionals="12" methods="9" coveredmethods="9"/>
      <file name="Categories.tsx" path="/Users/hirensurani/Documents/Hiren/Github/EcomAppSampleHp/src/components/Categories.tsx">
        <metrics statements="8" coveredstatements="8" conditionals="2" coveredconditionals="2" methods="4" coveredmethods="4"/>
        <line num="16" count="1" type="stmt"/>
        <line num="17" count="2" type="stmt"/>
        <line num="18" count="2" type="stmt"/>
        <line num="25" count="1" type="stmt"/>
        <line num="30" count="12" type="stmt"/>
        <line num="36" count="1" type="stmt"/>
        <line num="37" count="12" type="stmt"/>
        <line num="55" count="1" type="stmt"/>
      </file>
      <file name="Trending.tsx" path="/Users/hirensurani/Documents/Hiren/Github/EcomAppSampleHp/src/components/Trending.tsx">
        <metrics statements="10" coveredstatements="10" conditionals="10" coveredconditionals="10" methods="5" coveredmethods="5"/>
        <line num="26" count="1" type="stmt"/>
        <line num="27" count="2" type="stmt"/>
        <line num="28" count="2" type="stmt"/>
        <line num="35" count="1" type="stmt"/>
        <line num="46" count="16" type="stmt"/>
        <line num="59" count="1" type="stmt"/>
        <line num="60" count="16" type="stmt"/>
        <line num="61" count="16" type="stmt"/>
        <line num="65" count="1" type="stmt"/>
        <line num="83" count="1" type="stmt"/>
      </file>
    </package>
    <package name="constants">
      <metrics statements="3" coveredstatements="3" conditionals="0" coveredconditionals="0" methods="0" coveredmethods="0"/>
      <file name="index.ts" path="/Users/hirensurani/Documents/Hiren/Github/EcomAppSampleHp/src/constants/index.ts">
        <metrics statements="3" coveredstatements="3" conditionals="0" coveredconditionals="0" methods="0" coveredmethods="0"/>
        <line num="1" count="1" type="stmt"/>
        <line num="19" count="1" type="stmt"/>
        <line num="62" count="1" type="stmt"/>
      </file>
    </package>
  </project>
</coverage>
