{"/Users/hirensurani/Documents/Hiren/Github/EcomAppSampleHp/src/assets/accessories.png": {"path":"/Users/hirensurani/Documents/Hiren/Github/EcomAppSampleHp/src/assets/accessories.png","statementMap":{"0":{"start":{"line":1,"column":0},"end":{"line":4,"column":6}}},"fnMap":{},"branchMap":{},"s":{"0":1},"f":{},"b":{},"_coverageSchema":"1a1c01bbd47fc00a2c39e90264f33305004495a9","hash":"753cdb42cfe9402027eefc81538394f614638325"}
,"/Users/hirensurani/Documents/Hiren/Github/EcomAppSampleHp/src/assets/card-1.jpg": {"path":"/Users/hirensurani/Documents/Hiren/Github/EcomAppSampleHp/src/assets/card-1.jpg","statementMap":{"0":{"start":{"line":1,"column":0},"end":{"line":4,"column":6}}},"fnMap":{},"branchMap":{},"s":{"0":1},"f":{},"b":{},"_coverageSchema":"1a1c01bbd47fc00a2c39e90264f33305004495a9","hash":"4b71f390105020f7c5ff467bf79582d38fea5329"}
,"/Users/hirensurani/Documents/Hiren/Github/EcomAppSampleHp/src/assets/card-2.jpg": {"path":"/Users/hirensurani/Documents/Hiren/Github/EcomAppSampleHp/src/assets/card-2.jpg","statementMap":{"0":{"start":{"line":1,"column":0},"end":{"line":4,"column":6}}},"fnMap":{},"branchMap":{},"s":{"0":1},"f":{},"b":{},"_coverageSchema":"1a1c01bbd47fc00a2c39e90264f33305004495a9","hash":"d7972b16af2e484bef9e0b2783a430f5f23daab5"}
,"/Users/hirensurani/Documents/Hiren/Github/EcomAppSampleHp/src/assets/card-3.jpg": {"path":"/Users/hirensurani/Documents/Hiren/Github/EcomAppSampleHp/src/assets/card-3.jpg","statementMap":{"0":{"start":{"line":1,"column":0},"end":{"line":4,"column":6}}},"fnMap":{},"branchMap":{},"s":{"0":1},"f":{},"b":{},"_coverageSchema":"1a1c01bbd47fc00a2c39e90264f33305004495a9","hash":"674591bffcd1fc8e9dad4a5a38a83c84a2881bfa"}
,"/Users/hirensurani/Documents/Hiren/Github/EcomAppSampleHp/src/assets/card-4.jpg": {"path":"/Users/hirensurani/Documents/Hiren/Github/EcomAppSampleHp/src/assets/card-4.jpg","statementMap":{"0":{"start":{"line":1,"column":0},"end":{"line":4,"column":6}}},"fnMap":{},"branchMap":{},"s":{"0":1},"f":{},"b":{},"_coverageSchema":"1a1c01bbd47fc00a2c39e90264f33305004495a9","hash":"f93d91c323bba97e4e8456310c770248c6d9aa4a"}
,"/Users/hirensurani/Documents/Hiren/Github/EcomAppSampleHp/src/assets/card-5.jpg": {"path":"/Users/hirensurani/Documents/Hiren/Github/EcomAppSampleHp/src/assets/card-5.jpg","statementMap":{"0":{"start":{"line":1,"column":0},"end":{"line":4,"column":6}}},"fnMap":{},"branchMap":{},"s":{"0":1},"f":{},"b":{},"_coverageSchema":"1a1c01bbd47fc00a2c39e90264f33305004495a9","hash":"0b0d3a5576530fa0209d15768d798a1f739fc68d"}
,"/Users/hirensurani/Documents/Hiren/Github/EcomAppSampleHp/src/assets/card-6.jpg": {"path":"/Users/hirensurani/Documents/Hiren/Github/EcomAppSampleHp/src/assets/card-6.jpg","statementMap":{"0":{"start":{"line":1,"column":0},"end":{"line":4,"column":6}}},"fnMap":{},"branchMap":{},"s":{"0":1},"f":{},"b":{},"_coverageSchema":"1a1c01bbd47fc00a2c39e90264f33305004495a9","hash":"c462645f6024f687fb346c3691d39163a6f8ae48"}
,"/Users/hirensurani/Documents/Hiren/Github/EcomAppSampleHp/src/assets/card-7.jpg": {"path":"/Users/hirensurani/Documents/Hiren/Github/EcomAppSampleHp/src/assets/card-7.jpg","statementMap":{"0":{"start":{"line":1,"column":0},"end":{"line":4,"column":6}}},"fnMap":{},"branchMap":{},"s":{"0":1},"f":{},"b":{},"_coverageSchema":"1a1c01bbd47fc00a2c39e90264f33305004495a9","hash":"f4702644746862a20ff1357c2a67071f3ba04542"}
,"/Users/hirensurani/Documents/Hiren/Github/EcomAppSampleHp/src/assets/card-8.jpg": {"path":"/Users/hirensurani/Documents/Hiren/Github/EcomAppSampleHp/src/assets/card-8.jpg","statementMap":{"0":{"start":{"line":1,"column":0},"end":{"line":4,"column":6}}},"fnMap":{},"branchMap":{},"s":{"0":1},"f":{},"b":{},"_coverageSchema":"1a1c01bbd47fc00a2c39e90264f33305004495a9","hash":"8c9e87747ec2d0186aea2aae17f9c675a7388d81"}
,"/Users/hirensurani/Documents/Hiren/Github/EcomAppSampleHp/src/assets/dresses.png": {"path":"/Users/hirensurani/Documents/Hiren/Github/EcomAppSampleHp/src/assets/dresses.png","statementMap":{"0":{"start":{"line":1,"column":0},"end":{"line":4,"column":6}}},"fnMap":{},"branchMap":{},"s":{"0":1},"f":{},"b":{},"_coverageSchema":"1a1c01bbd47fc00a2c39e90264f33305004495a9","hash":"0b26696831fd89c2d9a1217ed50e76a766b83299"}
,"/Users/hirensurani/Documents/Hiren/Github/EcomAppSampleHp/src/assets/kids.png": {"path":"/Users/hirensurani/Documents/Hiren/Github/EcomAppSampleHp/src/assets/kids.png","statementMap":{"0":{"start":{"line":1,"column":0},"end":{"line":4,"column":6}}},"fnMap":{},"branchMap":{},"s":{"0":1},"f":{},"b":{},"_coverageSchema":"1a1c01bbd47fc00a2c39e90264f33305004495a9","hash":"a948fd7279ba310a86ef843356ae0b1e1a7beb0d"}
,"/Users/hirensurani/Documents/Hiren/Github/EcomAppSampleHp/src/assets/man.png": {"path":"/Users/hirensurani/Documents/Hiren/Github/EcomAppSampleHp/src/assets/man.png","statementMap":{"0":{"start":{"line":1,"column":0},"end":{"line":4,"column":6}}},"fnMap":{},"branchMap":{},"s":{"0":1},"f":{},"b":{},"_coverageSchema":"1a1c01bbd47fc00a2c39e90264f33305004495a9","hash":"cda7fb06c053b2a164ab76376c8003419acfd7e0"}
,"/Users/hirensurani/Documents/Hiren/Github/EcomAppSampleHp/src/assets/right-arrow.png": {"path":"/Users/hirensurani/Documents/Hiren/Github/EcomAppSampleHp/src/assets/right-arrow.png","statementMap":{"0":{"start":{"line":1,"column":0},"end":{"line":4,"column":6}}},"fnMap":{},"branchMap":{},"s":{"0":1},"f":{},"b":{},"_coverageSchema":"1a1c01bbd47fc00a2c39e90264f33305004495a9","hash":"1247f5a49eb96a765939960eada140f1fdae6a95"}
,"/Users/hirensurani/Documents/Hiren/Github/EcomAppSampleHp/src/assets/watches.png": {"path":"/Users/hirensurani/Documents/Hiren/Github/EcomAppSampleHp/src/assets/watches.png","statementMap":{"0":{"start":{"line":1,"column":0},"end":{"line":4,"column":6}}},"fnMap":{},"branchMap":{},"s":{"0":1},"f":{},"b":{},"_coverageSchema":"1a1c01bbd47fc00a2c39e90264f33305004495a9","hash":"2d0de1d85b4966be6ebd6f9a43df2ab1c5dcdce2"}
,"/Users/hirensurani/Documents/Hiren/Github/EcomAppSampleHp/src/assets/woman.png": {"path":"/Users/hirensurani/Documents/Hiren/Github/EcomAppSampleHp/src/assets/woman.png","statementMap":{"0":{"start":{"line":1,"column":0},"end":{"line":4,"column":6}}},"fnMap":{},"branchMap":{},"s":{"0":1},"f":{},"b":{},"_coverageSchema":"1a1c01bbd47fc00a2c39e90264f33305004495a9","hash":"b12ea84d02bb09d389dde670f03abb40f07cbef0"}
,"/Users/hirensurani/Documents/Hiren/Github/EcomAppSampleHp/src/components/Categories.tsx": {"path":"/Users/hirensurani/Documents/Hiren/Github/EcomAppSampleHp/src/components/Categories.tsx","statementMap":{"0":{"start":{"line":16,"column":40},"end":{"line":34,"column":1}},"1":{"start":{"line":17,"column":26},"end":{"line":17,"column":41}},"2":{"start":{"line":18,"column":2},"end":{"line":33,"column":4}},"3":{"start":{"line":25,"column":25},"end":{"line":25,"column":58}},"4":{"start":{"line":30,"column":8},"end":{"line":30,"column":85}},"5":{"start":{"line":36,"column":48},"end":{"line":53,"column":1}},"6":{"start":{"line":37,"column":2},"end":{"line":52,"column":4}},"7":{"start":{"line":55,"column":15},"end":{"line":97,"column":2}}},"fnMap":{"0":{"name":"(anonymous_0)","decl":{"start":{"line":16,"column":40},"end":{"line":16,"column":41}},"loc":{"start":{"line":16,"column":56},"end":{"line":34,"column":1}},"line":16},"1":{"name":"(anonymous_1)","decl":{"start":{"line":25,"column":19},"end":{"line":25,"column":20}},"loc":{"start":{"line":25,"column":25},"end":{"line":25,"column":58}},"line":25},"2":{"name":"(anonymous_2)","decl":{"start":{"line":29,"column":22},"end":{"line":29,"column":23}},"loc":{"start":{"line":29,"column":30},"end":{"line":31,"column":7}},"line":29},"3":{"name":"(anonymous_3)","decl":{"start":{"line":36,"column":48},"end":{"line":36,"column":49}},"loc":{"start":{"line":36,"column":66},"end":{"line":53,"column":1}},"line":36}},"branchMap":{"0":{"loc":{"start":{"line":20,"column":19},"end":{"line":20,"column":70}},"type":"cond-expr","locations":[{"start":{"line":20,"column":30},"end":{"line":20,"column":47}},{"start":{"line":20,"column":50},"end":{"line":20,"column":70}}],"line":20}},"s":{"0":1,"1":2,"2":2,"3":1,"4":12,"5":1,"6":12,"7":1},"f":{"0":2,"1":1,"2":12,"3":12},"b":{"0":[1,1]},"_coverageSchema":"1a1c01bbd47fc00a2c39e90264f33305004495a9","hash":"07c717fd3b5cc2f060df035859c1340f350ff5cd"}
,"/Users/hirensurani/Documents/Hiren/Github/EcomAppSampleHp/src/components/Trending.tsx": {"path":"/Users/hirensurani/Documents/Hiren/Github/EcomAppSampleHp/src/components/Trending.tsx","statementMap":{"0":{"start":{"line":26,"column":36},"end":{"line":57,"column":1}},"1":{"start":{"line":27,"column":21},"end":{"line":27,"column":41}},"2":{"start":{"line":28,"column":2},"end":{"line":56,"column":4}},"3":{"start":{"line":35,"column":25},"end":{"line":35,"column":56}},"4":{"start":{"line":46,"column":10},"end":{"line":52,"column":12}},"5":{"start":{"line":59,"column":44},"end":{"line":81,"column":1}},"6":{"start":{"line":60,"column":21},"end":{"line":60,"column":41}},"7":{"start":{"line":61,"column":2},"end":{"line":80,"column":4}},"8":{"start":{"line":65,"column":21},"end":{"line":65,"column":69}},"9":{"start":{"line":83,"column":15},"end":{"line":145,"column":2}}},"fnMap":{"0":{"name":"(anonymous_0)","decl":{"start":{"line":26,"column":36},"end":{"line":26,"column":37}},"loc":{"start":{"line":26,"column":52},"end":{"line":57,"column":1}},"line":26},"1":{"name":"(anonymous_1)","decl":{"start":{"line":35,"column":19},"end":{"line":35,"column":20}},"loc":{"start":{"line":35,"column":25},"end":{"line":35,"column":56}},"line":35},"2":{"name":"(anonymous_2)","decl":{"start":{"line":45,"column":20},"end":{"line":45,"column":21}},"loc":{"start":{"line":46,"column":10},"end":{"line":52,"column":12}},"line":46},"3":{"name":"(anonymous_3)","decl":{"start":{"line":59,"column":44},"end":{"line":59,"column":45}},"loc":{"start":{"line":59,"column":86},"end":{"line":81,"column":1}},"line":59},"4":{"name":"(anonymous_4)","decl":{"start":{"line":65,"column":15},"end":{"line":65,"column":16}},"loc":{"start":{"line":65,"column":21},"end":{"line":65,"column":69}},"line":65}},"branchMap":{"0":{"loc":{"start":{"line":30,"column":19},"end":{"line":30,"column":70}},"type":"cond-expr","locations":[{"start":{"line":30,"column":30},"end":{"line":30,"column":47}},{"start":{"line":30,"column":50},"end":{"line":30,"column":70}}],"line":30},"1":{"loc":{"start":{"line":40,"column":20},"end":{"line":40,"column":43}},"type":"cond-expr","locations":[{"start":{"line":40,"column":31},"end":{"line":40,"column":36}},{"start":{"line":40,"column":39},"end":{"line":40,"column":43}}],"line":40},"2":{"loc":{"start":{"line":41,"column":20},"end":{"line":41,"column":36}},"type":"cond-expr","locations":[{"start":{"line":41,"column":31},"end":{"line":41,"column":32}},{"start":{"line":41,"column":35},"end":{"line":41,"column":36}}],"line":41},"3":{"loc":{"start":{"line":42,"column":28},"end":{"line":42,"column":78}},"type":"cond-expr","locations":[{"start":{"line":42,"column":39},"end":{"line":42,"column":71}},{"start":{"line":42,"column":74},"end":{"line":42,"column":78}}],"line":42},"4":{"loc":{"start":{"line":66,"column":19},"end":{"line":66,"column":76}},"type":"cond-expr","locations":[{"start":{"line":66,"column":30},"end":{"line":66,"column":53}},{"start":{"line":66,"column":56},"end":{"line":66,"column":76}}],"line":66}},"s":{"0":1,"1":2,"2":2,"3":1,"4":16,"5":1,"6":16,"7":16,"8":1,"9":1},"f":{"0":2,"1":1,"2":16,"3":16,"4":1},"b":{"0":[1,1],"1":[1,1],"2":[1,1],"3":[1,1],"4":[8,8]},"_coverageSchema":"1a1c01bbd47fc00a2c39e90264f33305004495a9","hash":"1fe054ddc377774d7e5dc83ba4a68d00c782c9c4"}
,"/Users/hirensurani/Documents/Hiren/Github/EcomAppSampleHp/src/constants/index.ts": {"path":"/Users/hirensurani/Documents/Hiren/Github/EcomAppSampleHp/src/constants/index.ts","statementMap":{"0":{"start":{"line":1,"column":29},"end":{"line":17,"column":1}},"1":{"start":{"line":19,"column":29},"end":{"line":60,"column":1}},"2":{"start":{"line":62,"column":26},"end":{"line":87,"column":1}}},"fnMap":{},"branchMap":{},"s":{"0":1,"1":1,"2":1},"f":{},"b":{},"_coverageSchema":"1a1c01bbd47fc00a2c39e90264f33305004495a9","hash":"63cd51dbc53846397879522f9fcc5f0fa5e3045b"}
}
